{"D:\\demo\\source\\data.ts": {"path":"D:\\demo\\source\\data.ts","statementMap":{"0":{"start":{"line":1,"column":17},"end":{"line":32,"column":2}},"1":{"start":{"line":34,"column":0},"end":{"line":34,"column":18}}},"fnMap":{},"branchMap":{},"s":{"0":1,"1":1},"f":{},"b":{}}
,"D:\\demo\\source\\controllers\\userController.ts": {"path":"D:\\demo\\source\\controllers\\userController.ts","statementMap":{"0":{"start":{"line":2,"column":0},"end":{"line":2,"column":31}},"1":{"start":{"line":5,"column":17},"end":{"line":8,"column":1}},"2":{"start":{"line":6,"column":2},"end":{"line":6,"column":23}},"3":{"start":{"line":7,"column":2},"end":{"line":7,"column":35}},"4":{"start":{"line":11,"column":16},"end":{"line":16,"column":1}},"5":{"start":{"line":12,"column":25},"end":{"line":12,"column":39}},"6":{"start":{"line":13,"column":19},"end":{"line":13,"column":58}},"7":{"start":{"line":13,"column":41},"end":{"line":13,"column":57}},"8":{"start":{"line":14,"column":2},"end":{"line":14,"column":23}},"9":{"start":{"line":15,"column":2},"end":{"line":15,"column":35}},"10":{"start":{"line":19,"column":19},"end":{"line":34,"column":1}},"11":{"start":{"line":20,"column":25},"end":{"line":20,"column":39}},"12":{"start":{"line":21,"column":18},"end":{"line":21,"column":26}},"13":{"start":{"line":22,"column":19},"end":{"line":27,"column":4}},"14":{"start":{"line":23,"column":4},"end":{"line":26,"column":null}},"15":{"start":{"line":24,"column":6},"end":{"line":24,"column":28}},"16":{"start":{"line":25,"column":6},"end":{"line":25,"column":18}},"17":{"start":{"line":28,"column":2},"end":{"line":28,"column":23}},"18":{"start":{"line":29,"column":2},"end":{"line":33,"column":5}},"19":{"start":{"line":37,"column":19},"end":{"line":50,"column":1}},"20":{"start":{"line":38,"column":25},"end":{"line":38,"column":39}},"21":{"start":{"line":39,"column":19},"end":{"line":44,"column":4}},"22":{"start":{"line":40,"column":4},"end":{"line":43,"column":null}},"23":{"start":{"line":41,"column":6},"end":{"line":41,"column":28}},"24":{"start":{"line":42,"column":6},"end":{"line":42,"column":18}},"25":{"start":{"line":45,"column":2},"end":{"line":45,"column":23}},"26":{"start":{"line":46,"column":2},"end":{"line":49,"column":5}},"27":{"start":{"line":53,"column":16},"end":{"line":61,"column":1}},"28":{"start":{"line":54,"column":18},"end":{"line":54,"column":26}},"29":{"start":{"line":55,"column":2},"end":{"line":55,"column":25}},"30":{"start":{"line":56,"column":2},"end":{"line":56,"column":23}},"31":{"start":{"line":57,"column":2},"end":{"line":60,"column":5}},"32":{"start":{"line":63,"column":0},"end":{"line":63,"column":70}}},"fnMap":{"0":{"name":"(anonymous_1)","decl":{"start":{"line":5,"column":17},"end":{"line":5,"column":18}},"loc":{"start":{"line":5,"column":49},"end":{"line":8,"column":1}}},"1":{"name":"(anonymous_2)","decl":{"start":{"line":11,"column":16},"end":{"line":11,"column":17}},"loc":{"start":{"line":11,"column":48},"end":{"line":16,"column":1}}},"2":{"name":"(anonymous_3)","decl":{"start":{"line":13,"column":33},"end":{"line":13,"column":34}},"loc":{"start":{"line":13,"column":41},"end":{"line":13,"column":57}}},"3":{"name":"(anonymous_4)","decl":{"start":{"line":19,"column":19},"end":{"line":19,"column":20}},"loc":{"start":{"line":19,"column":51},"end":{"line":34,"column":1}}},"4":{"name":"(anonymous_5)","decl":{"start":{"line":22,"column":33},"end":{"line":22,"column":34}},"loc":{"start":{"line":22,"column":43},"end":{"line":27,"column":3}}},"5":{"name":"(anonymous_6)","decl":{"start":{"line":37,"column":19},"end":{"line":37,"column":20}},"loc":{"start":{"line":37,"column":51},"end":{"line":50,"column":1}}},"6":{"name":"(anonymous_7)","decl":{"start":{"line":39,"column":33},"end":{"line":39,"column":34}},"loc":{"start":{"line":39,"column":43},"end":{"line":44,"column":3}}},"7":{"name":"(anonymous_8)","decl":{"start":{"line":53,"column":16},"end":{"line":53,"column":17}},"loc":{"start":{"line":53,"column":48},"end":{"line":61,"column":1}}}},"branchMap":{"0":{"loc":{"start":{"line":23,"column":4},"end":{"line":26,"column":null}},"type":"if","locations":[{"start":{"line":23,"column":4},"end":{"line":26,"column":null}}]},"1":{"loc":{"start":{"line":40,"column":4},"end":{"line":43,"column":null}},"type":"if","locations":[{"start":{"line":40,"column":4},"end":{"line":43,"column":null}}]}},"s":{"0":1,"1":1,"2":1,"3":1,"4":1,"5":1,"6":1,"7":1,"8":1,"9":1,"10":1,"11":1,"12":1,"13":1,"14":3,"15":1,"16":1,"17":1,"18":1,"19":1,"20":1,"21":1,"22":4,"23":1,"24":1,"25":1,"26":1,"27":1,"28":1,"29":1,"30":1,"31":1,"32":1},"f":{"0":1,"1":1,"2":1,"3":1,"4":3,"5":1,"6":4,"7":1},"b":{"0":[1],"1":[1]}}
}
